\BOOKMARK [0][-]{chapter*.1}{\376\377\000g\000r\000e\000e\000n\000!\0003\0000\000!\000b\000l\000u\000e\000S\000o\000m\000m\000a\000i\000r\000e}{}% 1
\BOOKMARK [0][-]{chapter*.2}{\376\377\000D\000\351\000d\000i\000c\000a\000c\000e}{}% 2
\BOOKMARK [0][-]{chapter*.3}{\376\377\000R\000e\000m\000e\000r\000c\000i\000e\000m\000e\000n\000t\000s}{}% 3
\BOOKMARK [0][-]{chapter*.4}{\376\377\000R\000\351\000s\000u\000m\000e}{}% 4
\BOOKMARK [0][-]{chapter*.5}{\376\377\000A\000b\000s\000t\000r\000a\000c\000t}{}% 5
\BOOKMARK [0][-]{chapter*.6}{\376\377\000I\000n\000t\000r\000o\000d\000u\000c\000t\000i\000o\000n}{}% 6
\BOOKMARK [0][-]{chapter.1}{\376\377\000g\000r\000e\000e\000n\000!\0003\0000\000!\000b\000l\000u\000e\000L\000a\000\040\000q\000u\000a\000n\000t\000i\000f\000i\000c\000a\000t\000i\000o\000n\000\040\000c\000a\000n\000o\000n\000i\000q\000u\000e}{}% 7
\BOOKMARK [0][-]{chapter.1}{\376\377\000L\000a\000\040\000q\000u\000a\000n\000t\000i\000f\000i\000a\000c\000a\000t\000i\000o\000n\000\040\000c\000a\000n\000o\000n\000i\000q\000u\000e}{}% 8
\BOOKMARK [1][-]{section.1.1}{\376\377\000I\000n\000t\000r\000o\000d\000u\000c\000t\000i\000o\000n}{chapter.1}% 9
\BOOKMARK [1][-]{section.1.2}{\376\377\000R\000a\000p\000p\000e\000l\000\040\000d\000e\000s\000\040\000r\000\350\000g\000l\000e\000s\000\040\000d\000e\000\040\000q\000u\000a\000n\000t\000i\000f\000i\000c\000a\000t\000i\000o\000n\000s\000\040\000c\000a\000n\000o\000n\000i\000q\000u\000e\000s}{chapter.1}% 10
\BOOKMARK [1][-]{section.1.3}{\376\377\000Q\000u\000a\000n\000t\000i\000f\000i\000c\000a\000t\000i\000o\000n\000\040\000s\000e\000l\000o\000n\000\040\000D\000i\000r\000a\000c}{chapter.1}% 11
\BOOKMARK [1][-]{section.1.4}{\376\377\000L\000a\000\040\000s\000e\000c\000o\000n\000d\000e\000\040\000q\000u\000a\000n\000t\000i\000f\000i\000c\000a\000t\000i\000o\000n}{chapter.1}% 12
\BOOKMARK [2][-]{subsection.1.4.1}{\376\377\000I\000n\000t\000r\000o\000d\000u\000c\000t\000i\000o\000n}{section.1.4}% 13
\BOOKMARK [2][-]{subsection.1.4.2}{\376\377\000B\000o\000s\000o\000n\000s}{section.1.4}% 14
\BOOKMARK [2][-]{subsection.1.4.3}{\376\377\000F\000e\000r\000m\000i\000o\000n\000s}{section.1.4}% 15
\BOOKMARK [0][-]{chapter.2}{\376\377\000L\000a\000\040\000t\000h\000\351\000o\000r\000i\000e\000\040\000d\000e\000\040\000M\000a\000x\000w\000e\000l\000l\000\040\000m\000o\000d\000i\000f\000i\000\351\000e\000\050\000M\000o\000d\000M\000a\000x\000\051}{}% 16
\BOOKMARK [1][-]{section.2.1}{\376\377\000I\000n\000t\000r\000o\000d\000u\000c\000t\000i\000o\000n}{chapter.2}% 17
\BOOKMARK [1][-]{section.2.2}{\376\377\000L\000a\000\040\000d\000e\000n\000s\000i\000t\000\351\000\040\000h\000a\000m\000i\000l\000t\000o\000n\000i\000e\000n\000n\000e\000\040\000d\000e\000\040\000M\000o\000d\000M\000a\000x}{chapter.2}% 18
\BOOKMARK [2][-]{subsection.2.2.1}{\376\377\000L\000a\000\040\000d\000e\000n\000s\000i\000t\000\351\000\040\000l\000a\000g\000r\000a\000n\000g\000i\000e\000n\000n\000e\000\040\000d\000e\000\040\000M\000o\000d\000M\000a\000x}{section.2.2}% 19
\BOOKMARK [0][-]{chapter.3}{\376\377\000\040\000O\000s\000c\000i\000l\000l\000a\000t\000e\000u\000r\000\040\000d\000\351\000f\000o\000r\000m\000\351\000\040\000T\000T\000\040\000i\000n\000s\000p\000i\000r\000\351\000\040\000d\000e\000\040\000M\000o\000d\000M\000a\000x}{}% 20
\BOOKMARK [1][-]{section.3.1}{\376\377\000I\000n\000t\000r\000o\000d\000u\000c\000t\000i\000o\000n}{chapter.3}% 21
\BOOKMARK [1][-]{section.3.2}{\376\377\000O\000s\000c\000i\000l\000l\000a\000t\000e\000u\000r\000\040\000n\000o\000n\000\040\000l\000i\000n\000\351\000a\000i\000r\000e\000\040\000i\000s\000s\000u\000\040\000d\000'\000u\000n\000e\000\040\000d\000\351\000f\000o\000r\000m\000a\000t\000i\000o\000n\000\040\000T\000T}{chapter.3}% 22
\BOOKMARK [2][-]{subsection.3.2.1}{\376\377\000D\000\351\000f\000o\000r\000m\000a\000t\000i\000o\000n\000\040\000T\000T\000\040\000d\000a\000n\000s\000\040\000l\000e\000\040\000f\000o\000r\000m\000a\000l\000i\000s\000m\000e\000\040\000l\000a\000g\000r\000a\000n\000g\000i\000e\000n}{section.3.2}% 23
\BOOKMARK [2][-]{subsection.3.2.2}{\376\377\000D\000\351\000f\000o\000r\000m\000a\000t\000i\000o\000n\000s\000\040\000T\000T\000\040\000d\000a\000n\000s\000\040\000l\000e\000\040\000f\000o\000r\000m\000a\000l\000i\000s\000m\000e\000\040\000h\000a\000m\000i\000l\000t\000o\000n\000i\000e\000n}{section.3.2}% 24
\BOOKMARK [1][-]{section.3.3}{\376\377\000I\000n\000t\000\351\000g\000r\000a\000t\000i\000o\000n\000\040\000d\000u\000\040\000s\000y\000s\000t\000\350\000m\000e\000\040\000h\000a\000m\000i\000l\000t\000o\000n\000i\000e\000n}{chapter.3}% 25
\BOOKMARK [1][-]{section.3.4}{\376\377\000T\000r\000a\000n\000s\000f\000o\000r\000m\000a\000t\000i\000o\000n\000\040\000d\000e\000\040\000L\000e\000g\000e\000n\000d\000r\000e}{chapter.3}% 26
\BOOKMARK [1][-]{section.3.5}{\376\377\000I\000n\000t\000\351\000g\000r\000a\000t\000i\000o\000n\000\040\000d\000u\000\040\000s\000y\000s\000t\000\350\000m\000e\000\040\000l\000a\000g\000r\000a\000n\000g\000i\000e\000n}{chapter.3}% 27
\BOOKMARK [1][-]{section.3.6}{\376\377\000U\000n\000e\000\040\000c\000a\000r\000t\000e\000\040\000d\000e\000\040\000d\000\351\000f\000o\000r\000m\000a\000t\000i\000o\000n}{chapter.3}% 28
\BOOKMARK [1][-]{section.3.7}{\376\377\000Q\000u\000e\000l\000q\000u\000e\000s\000\040\000p\000r\000o\000p\000r\000i\000\351\000t\000\351\000s\000\040\000d\000y\000n\000a\000m\000i\000q\000u\000e\000s\000\040\000d\000u\000\040\000s\000y\000s\000t\000\350\000m\000e}{chapter.3}% 29
\BOOKMARK [2][-]{subsection.3.7.1}{\376\377\000T\000r\000a\000n\000s\000f\000e\000r\000t\000\040\000d\000'\000\351\000n\000e\000r\000g\000i\000e}{section.3.7}% 30
\BOOKMARK [2][-]{subsection.3.7.2}{\376\377\000A\000n\000g\000l\000e\000\040\000d\000e\000\040\000H\000a\000n\000n\000a\000y}{section.3.7}% 31
\BOOKMARK [0][-]{chapter*.7}{\376\377\000C\000o\000n\000c\000l\000u\000s\000i\000o\000n\000s}{}% 32
\BOOKMARK [0][-]{chapter*.8}{\376\377\000T\000a\000b\000l\000e\000\040\000d\000e\000s\000\040\000m\000a\000t\000i\000\350\000r\000e\000s}{}% 33
