This is XeTeX, Version 3.141592653-2.6-0.999995 (TeX Live 2023) (preloaded format=xelatex 2024.7.23)  15 AUG 2024 15:23
entering extended mode
 restricted \write18 enabled.
 %&-line parsing enabled.
**"Mémoire BANI.tex"
(./Mémoire BANI.tex
LaTeX2e <2022-11-01> patch level 1
L3 programming layer <2023-02-22>
(/usr/local/texlive/2023/texmf-dist/tex/latex/base/article.cls
Document Class: article 2022/07/02 v1.4n Standard LaTeX document class
(/usr/local/texlive/2023/texmf-dist/tex/latex/base/size12.clo
File: size12.clo 2022/07/02 v1.4n Standard LaTeX file (size option)
)
\c@part=\count181
\c@section=\count182
\c@subsection=\count183
\c@subsubsection=\count184
\c@paragraph=\count185
\c@subparagraph=\count186
\c@figure=\count187
\c@table=\count188
\abovecaptionskip=\skip48
\belowcaptionskip=\skip49
\bibindent=\dimen140
)
(/usr/local/texlive/2023/texmf-dist/tex/latex/base/inputenc.sty
Package: inputenc 2021/02/14 v1.3d Input encoding file
\inpenc@prehook=\toks16
\inpenc@posthook=\toks17


Package inputenc Warning: inputenc package ignored with utf8 based engines.

) (/usr/local/texlive/2023/texmf-dist/tex/latex/base/fontenc.sty
Package: fontenc 2021/04/29 v2.0v Standard LaTeX package
LaTeX Font Info:    Trying to load font information for T1+lmr on input line 11
2.

(/usr/local/texlive/2023/texmf-dist/tex/latex/lm/t1lmr.fd
File: t1lmr.fd 2015/05/01 v1.6.1 Font defs for Latin Modern
))
(/usr/local/texlive/2023/texmf-dist/tex/latex/amsmath/amsmath.sty
Package: amsmath 2022/04/08 v2.17n AMS math features
\@mathmargin=\skip50

For additional information on amsmath, use the `?' option.
(/usr/local/texlive/2023/texmf-dist/tex/latex/amsmath/amstext.sty
Package: amstext 2021/08/26 v2.01 AMS text

(/usr/local/texlive/2023/texmf-dist/tex/latex/amsmath/amsgen.sty
File: amsgen.sty 1999/11/30 v2.0 generic functions
\@emptytoks=\toks18
\ex@=\dimen141
))
(/usr/local/texlive/2023/texmf-dist/tex/latex/amsmath/amsbsy.sty
Package: amsbsy 1999/11/29 v1.2d Bold Symbols
\pmbraise@=\dimen142
)
(/usr/local/texlive/2023/texmf-dist/tex/latex/amsmath/amsopn.sty
Package: amsopn 2022/04/08 v2.04 operator names
)
\inf@bad=\count189
LaTeX Info: Redefining \frac on input line 234.
\uproot@=\count190
\leftroot@=\count191
LaTeX Info: Redefining \overline on input line 399.
LaTeX Info: Redefining \colon on input line 410.
\classnum@=\count192
\DOTSCASE@=\count193
LaTeX Info: Redefining \ldots on input line 496.
LaTeX Info: Redefining \dots on input line 499.
LaTeX Info: Redefining \cdots on input line 620.
\Mathstrutbox@=\box51
\strutbox@=\box52
LaTeX Info: Redefining \big on input line 722.
LaTeX Info: Redefining \Big on input line 723.
LaTeX Info: Redefining \bigg on input line 724.
LaTeX Info: Redefining \Bigg on input line 725.
\big@size=\dimen143
LaTeX Font Info:    Redeclaring font encoding OML on input line 743.
LaTeX Font Info:    Redeclaring font encoding OMS on input line 744.
\macc@depth=\count194
LaTeX Info: Redefining \bmod on input line 905.
LaTeX Info: Redefining \pmod on input line 910.
LaTeX Info: Redefining \smash on input line 940.
LaTeX Info: Redefining \relbar on input line 970.
LaTeX Info: Redefining \Relbar on input line 971.
\c@MaxMatrixCols=\count195
\dotsspace@=\muskip16
\c@parentequation=\count196
\dspbrk@lvl=\count197
\tag@help=\toks19
\row@=\count198
\column@=\count199
\maxfields@=\count266
\andhelp@=\toks20
\eqnshift@=\dimen144
\alignsep@=\dimen145
\tagshift@=\dimen146
\tagwidth@=\dimen147
\totwidth@=\dimen148
\lineht@=\dimen149
\@envbody=\toks21
\multlinegap=\skip51
\multlinetaggap=\skip52
\mathdisplay@stack=\toks22
LaTeX Info: Redefining \[ on input line 2953.
LaTeX Info: Redefining \] on input line 2954.
)
(/usr/local/texlive/2023/texmf-dist/tex/latex/amsfonts/amsfonts.sty
Package: amsfonts 2013/01/14 v3.01 Basic AMSFonts support
\symAMSa=\mathgroup4
\symAMSb=\mathgroup5
LaTeX Font Info:    Redeclaring math symbol \hbar on input line 98.
LaTeX Font Info:    Overwriting math alphabet `\mathfrak' in version `bold'
(Font)                  U/euf/m/n --> U/euf/b/n on input line 106.
)
(/usr/local/texlive/2023/texmf-dist/tex/latex/amsfonts/amssymb.sty
Package: amssymb 2013/01/14 v3.01 AMS font symbols
)
(/usr/local/texlive/2023/texmf-dist/tex/latex/graphics/graphicx.sty
Package: graphicx 2021/09/16 v1.2d Enhanced LaTeX Graphics (DPC,SPQR)

(/usr/local/texlive/2023/texmf-dist/tex/latex/graphics/keyval.sty
Package: keyval 2022/05/29 v1.15 key=value parser (DPC)
\KV@toks@=\toks23
)
(/usr/local/texlive/2023/texmf-dist/tex/latex/graphics/graphics.sty
Package: graphics 2022/03/10 v1.4e Standard LaTeX Graphics (DPC,SPQR)

(/usr/local/texlive/2023/texmf-dist/tex/latex/graphics/trig.sty
Package: trig 2021/08/11 v1.11 sin cos tan (DPC)
)
(/usr/local/texlive/2023/texmf-dist/tex/latex/graphics-cfg/graphics.cfg
File: graphics.cfg 2016/06/04 v1.11 sample graphics configuration
)
Package graphics Info: Driver file: xetex.def on input line 107.

(/usr/local/texlive/2023/texmf-dist/tex/latex/graphics-def/xetex.def
File: xetex.def 2022/09/22 v5.0n Graphics/color driver for xetex
))
\Gin@req@height=\dimen150
\Gin@req@width=\dimen151
)
(/usr/local/texlive/2023/texmf-dist/tex/latex/graphics/color.sty
Package: color 2022/01/06 v1.3d Standard LaTeX Color (DPC)

(/usr/local/texlive/2023/texmf-dist/tex/latex/graphics-cfg/color.cfg
File: color.cfg 2016/01/02 v1.6 sample color configuration
)
Package color Info: Driver file: xetex.def on input line 149.

(/usr/local/texlive/2023/texmf-dist/tex/latex/graphics/mathcolor.ltx))
(/usr/local/texlive/2023/texmf-dist/tex/latex/tools/enumerate.sty
Package: enumerate 2015/07/23 v3.00 enumerate extensions (DPC)
\@enLab=\toks24
)
(/usr/local/texlive/2023/texmf-dist/tex/latex/l3backend/l3backend-xetex.def
File: l3backend-xetex.def 2023-01-16 L3 backend support: XeTeX
\g__graphics_track_int=\count267
\l__pdf_internal_box=\box53
\g__pdf_backend_object_int=\count268
\g__pdf_backend_annotation_int=\count269
\g__pdf_backend_link_int=\count270
)

LaTeX Warning: Unused global option(s):
    [openany].

(./Mémoire BANI.aux)
\openout1 = `"Mémoire BANI.aux"'.

LaTeX Font Info:    Checking defaults for OML/cmm/m/it on input line 12.
LaTeX Font Info:    ... okay on input line 12.
LaTeX Font Info:    Checking defaults for OMS/cmsy/m/n on input line 12.
LaTeX Font Info:    ... okay on input line 12.
LaTeX Font Info:    Checking defaults for OT1/cmr/m/n on input line 12.
LaTeX Font Info:    ... okay on input line 12.
LaTeX Font Info:    Checking defaults for T1/cmr/m/n on input line 12.
LaTeX Font Info:    ... okay on input line 12.
LaTeX Font Info:    Checking defaults for TS1/cmr/m/n on input line 12.
LaTeX Font Info:    Trying to load font information for TS1+cmr on input line 1
2.

(/usr/local/texlive/2023/texmf-dist/tex/latex/base/ts1cmr.fd
File: ts1cmr.fd 2022/07/10 v2.5l Standard LaTeX font definitions
)
LaTeX Font Info:    ... okay on input line 12.
LaTeX Font Info:    Checking defaults for TU/lmr/m/n on input line 12.
LaTeX Font Info:    ... okay on input line 12.
LaTeX Font Info:    Checking defaults for OMX/cmex/m/n on input line 12.
LaTeX Font Info:    ... okay on input line 12.
LaTeX Font Info:    Checking defaults for U/cmr/m/n on input line 12.
LaTeX Font Info:    ... okay on input line 12.
 [1

]
Overfull \hbox (4.61252pt too wide) in paragraph at lines 28--29
\T1/lmr/m/n/12 gou \T1/lmr/bx/n/12 (FAST-NATI)\T1/lmr/m/n/12 , plus par-ti-c-ul
ière-ment ceux du Dé-parte-ment de Physique; 
 []

[2]
LaTeX Font Info:    Trying to load font information for U+msa on input line 36.

 (/usr/local/texlive/2023/texmf-dist/tex/latex/amsfonts/umsa.fd
File: umsa.fd 2013/01/14 v3.01 AMS symbols A
)
LaTeX Font Info:    Trying to load font information for U+msb on input line 36.


(/usr/local/texlive/2023/texmf-dist/tex/latex/amsfonts/umsb.fd
File: umsb.fd 2013/01/14 v3.01 AMS symbols B
)
Missing character: There is no   ("A0) in font cmr12!
Missing character: There is no   ("A0) in font cmr12!

Overfull \hbox (308.05562pt too wide) in paragraph at lines 36--37
[]\T1/lmr/m/n/12 Inspirés  par  une  modification  invariante  conforme  et  de
  dualité  récemment  proposée  de  la  théorie  de  Maxwell
 []


Overfull \hbox (400.31361pt too wide) in paragraph at lines 36--37
\T1/lmr/m/n/12  (Mod-Max),   nous  construisons  une  famille  à  un  paramètre
  de  systèmes  dynamiques  bidimensionnels  en  mécanique  classique  qui  
 []


Overfull \hbox (345.54935pt too wide) in paragraph at lines 36--37
\T1/lmr/m/n/12 partagent  de  nombreuses  caractéristiques  avec  la  théorie  
ModMax.  Il  se  compose  d'un  couple  d'oscillateurs  déformés$[]$
 []


Overfull \hbox (146.7341pt too wide) in paragraph at lines 36--37
\T1/lmr/m/n/12 qui  préservent  néanmoins  la  dualité $ [] $ et  dépendent  d'
un  paramètre  continu
 []


Overfull \hbox (467.11426pt too wide) in paragraph at lines 36--37
\T1/lmr/m/n/12  cas  ModMax.   Mal-gré  ses  fonctionnalités  non  linéaires,  
le  système  est  intégrable.  Remarquablement  peut  être  interprété  comme  
une  paire  
 []


Overfull \hbox (314.93382pt too wide) in paragraph at lines 36--37
\T1/lmr/m/n/12 de  deux  oscillateurs  couplés  dont  les  fréquences  dépenden
t  de  certains  invariants  de  base  qui  correspondent  à  la 
 []


Overfull \hbox (390.59178pt too wide) in paragraph at lines 36--37
\T1/lmr/m/n/12 symétrie dualité  et  à  la  symétrie  de  rotation.  Sur  la  b
ase  des  propriétés  du  modèle,  nous  pouvons  construire  une carte non  
 []


Overfull \hbox (48.85217pt too wide) in paragraph at lines 36--37
\T1/lmr/m/n/12   l'oscillateur  non  linéaire,  mais  avec  le  paramètre  2$\O
ML/cmm/m/it/12 ^^M$\T1/lmr/m/n/12 .  La  dynamique  
 []


Overfull \hbox (378.0527pt too wide) in paragraph at lines 36--37
\T1/lmr/m/n/12 mon-tre  également  le  phénomène  de  transfert  d'énergie  et 
 on  calcule  un  angle  de  Hannay  associé  aux  phases  géométriques  
 []

[3] [4]
Overfull \hbox (38.09164pt too wide) in paragraph at lines 52--53
\T1/lmr/m/n/12 s'appuie néces-saire-ment sur la mé-canique et l'électromagnétis
me clas-sique,puisqu'elle
 []


Underfull \hbox (badness 10000) in paragraph at lines 52--53

 []


Overfull \hbox (2.9375pt too wide) in paragraph at lines 60--61
\T1/lmr/m/n/12 transforme l'oscillateur har-monique 2D en un prob-lème non liné
aire paramétré
 []

[5] [6]
Missing character: There is no ’ ("2019) in font ec-lmr12!
Missing character: There is no ’ ("2019) in font ec-lmr12!
Missing character: There is no ﬁ ("FB01) in font ec-lmr12!
Missing character: There is no ’ ("2019) in font ec-lmr12!
Missing character: There is no ﬁ ("FB01) in font ec-lmr12!
Missing character: There is no ’ ("2019) in font ec-lmr12!
Missing character: There is no ﬁ ("FB01) in font ec-lmr12!
Missing character: There is no ’ ("2019) in font ec-lmr12!

Underfull \hbox (badness 10000) in paragraph at lines 70--71

 []

Missing character: There is no ’ ("2019) in font ec-lmr12!
Missing character: There is no ’ ("2019) in font ec-lmr12!
[7]
Missing character: There is no ’ ("2019) in font ec-lmr12!
Missing character: There is no ’ ("2019) in font ec-lmr12!
Missing character: There is no ﬀ ("FB00) in font ec-lmr12!
Missing character: There is no ’ ("2019) in font ec-lmr12!
Missing character: There is no ﬁ ("FB01) in font ec-lmr12!
Missing character: There is no ’ ("2019) in font ec-lmr12!
Missing character: There is no ’ ("2019) in font ec-lmr12!
Missing character: There is no ﬁ ("FB01) in font ec-lmr12!

Underfull \hbox (badness 10000) in paragraph at lines 92--93

 []

Missing character: There is no ’ ("2019) in font ec-lmr12!
Missing character: There is no ’ ("2019) in font ec-lmr12!
Missing character: There is no ’ ("2019) in font ec-lmr12!
Missing character: There is no ﬁ ("FB01) in font ec-lmr12!
Missing character: There is no ’ ("2019) in font ec-lmr12!
Missing character: There is no ’ ("2019) in font ec-lmr12!
Missing character: There is no ’ ("2019) in font ec-lmr12!
Missing character: There is no ’ ("2019) in font ec-lmr12!
Missing character: There is no ’ ("2019) in font ec-lmr12!
Missing character: There is no ’ ("2019) in font ec-lmr12!
Missing character: There is no ’ ("2019) in font ec-lmr12!
Missing character: There is no ’ ("2019) in font ec-lmr12!

Underfull \hbox (badness 10000) in paragraph at lines 94--95

 []

Missing character: There is no ’ ("2019) in font ec-lmr12!
Missing character: There is no ’ ("2019) in font ec-lmr12!
Missing character: There is no ’ ("2019) in font ec-lmr12!
Missing character: There is no ’ ("2019) in font ec-lmr12!
Missing character: There is no ﬁ ("FB01) in font ec-lmr12!
Missing character: There is no ’ ("2019) in font ec-lmr12!
Missing character: There is no ﬀ ("FB00) in font ec-lmr12!
Missing character: There is no ’ ("2019) in font ec-lmr12!
Missing character: There is no ’ ("2019) in font ec-lmr12!
Missing character: There is no ’ ("2019) in font ec-lmr12!
Missing character: There is no ’ ("2019) in font ec-lmr12!
[8]
Missing character: There is no ’ ("2019) in font ec-lmr12!
Missing character: There is no ﬁ ("FB01) in font ec-lmr12!
Missing character: There is no ’ ("2019) in font ec-lmr12!
Missing character: There is no ’ ("2019) in font ec-lmr12!
Missing character: There is no ’ ("2019) in font ec-lmr12!
Missing character: There is no ﬁ ("FB01) in font ec-lmr12!
Missing character: There is no ’ ("2019) in font ec-lmr12!
Missing character: There is no ’ ("2019) in font ec-lmr12!

Underfull \hbox (badness 10000) in paragraph at lines 108--109

 []


Underfull \hbox (badness 10000) in paragraph at lines 113--115

 []

Missing character: There is no ’ ("2019) in font ec-lmr12!
Missing character: There is no ’ ("2019) in font ec-lmr12!
Missing character: There is no ’ ("2019) in font ec-lmr12!
Missing character: There is no “ ("201C) in font ec-lmr12!
Missing character: There is no ’ ("2019) in font ec-lmr12!
Missing character: There is no ” ("201D) in font ec-lmr12!
Missing character: There is no “ ("201C) in font ec-lmr12!
Missing character: There is no ﬁ ("FB01) in font ec-lmr12!
Missing character: There is no ” ("201D) in font ec-lmr12!
[9]
Underfull \hbox (badness 10000) in paragraph at lines 124--127

 []

Missing character: There is no ’ ("2019) in font ec-lmr12!
Missing character: There is no ﬁ ("FB01) in font ec-lmr12!
Missing character: There is no ’ ("2019) in font ec-lmr12!
Missing character: There is no ﬁ ("FB01) in font ec-lmr12!
Missing character: There is no ’ ("2019) in font ec-lmr12!
Missing character: There is no – ("2013) in font ec-lmr12!
Missing character: There is no – ("2013) in font ec-lmr12!
Missing character: There is no ’ ("2019) in font ec-lmr12!
Missing character: There is no ’ ("2019) in font ec-lmr12!
Missing character: There is no ’ ("2019) in font ec-lmr12!
Missing character: There is no – ("2013) in font ec-lmr12!
[10]
Missing character: There is no – ("2013) in font ec-lmr12!
Missing character: There is no ’ ("2019) in font ec-lmr12!

Overfull \hbox (61.5272pt too wide) in paragraph at lines 152--159
[]$[]$ 
 []

Missing character: There is no – ("2013) in font ec-lmr12!
Missing character: There is no ’ ("2019) in font ec-lmr12!
Missing character: There is no ﬀ ("FB00) in font ec-lmr12!
Missing character: There is no ’ ("2019) in font ec-lmr12!

Underfull \hbox (badness 10000) in paragraph at lines 167--169

 []


Overfull \hbox (95.55785pt too wide) in paragraph at lines 170--177
[]$[]$
 []


Underfull \hbox (badness 10000) in paragraph at lines 179--181

 []

[11]
Underfull \hbox (badness 10000) in paragraph at lines 182--183

 []

Missing character: There is no ’ ("2019) in font ec-lmr12!
Missing character: There is no ’ ("2019) in font ec-lmr12!

Underfull \hbox (badness 10000) in paragraph at lines 191--193

 []


Underfull \hbox (badness 10000) in paragraph at lines 199--200

 []


Underfull \hbox (badness 10000) in paragraph at lines 206--208

 []


Underfull \hbox (badness 10000) in paragraph at lines 210--212

 []

Missing character: There is no – ("2013) in font ec-lmr12!

Underfull \hbox (badness 10000) in paragraph at lines 213--214

 []

Missing character: There is no – ("2013) in font ec-lmr12!
Missing character: There is no ’ ("2019) in font ec-lmr12!

Underfull \hbox (badness 10000) in paragraph at lines 215--216

 []


Underfull \hbox (badness 10000) in paragraph at lines 217--218

 []

[12]
Overfull \hbox (87.02225pt too wide) in paragraph at lines 219--227
 []$ 
 []


Underfull \hbox (badness 10000) in paragraph at lines 240--243

 []

[13]
Missing character: There is no – ("2013) in font ec-lmr12!
Missing character: There is no – ("2013) in font ec-lmr12!

Underfull \hbox (badness 10000) in paragraph at lines 279--281

 []


Underfull \hbox (badness 10000) in paragraph at lines 282--283

 []

Missing character: There is no ’ ("2019) in font ec-lmr12!

Overfull \hbox (2.1028pt too wide) in paragraph at lines 284--285
[] \T1/lmr/m/n/12 On peut généraliser cette de-scrip-tion pour un grand nom-bre
 de fermions
 []


Underfull \hbox (badness 10000) in paragraph at lines 289--290

 []

[14]
Underfull \hbox (badness 10000) in paragraph at lines 292--294

 []

[15]
Overfull \hbox (0.9009pt too wide) in paragraph at lines 325--327
 \T1/lmr/m/n/12 Les théories Mod-Max sont les seuls théories élec-tro-dy-namiqu
es non linéaire
 []


Underfull \hbox (badness 10000) in paragraph at lines 341--345

 []

[16]
Underfull \hbox (badness 10000) in paragraph at lines 353--356

 []


Underfull \hbox (badness 10000) in paragraph at lines 385--387

 []

[17]
Underfull \hbox (badness 10000) in paragraph at lines 403--405

 []


Overfull \hbox (2.40996pt too wide) in paragraph at lines 406--407
[] \T1/lmr/m/n/12 En-fin ,la con-di-tion d'invariance sous la du-al-ité élec-tr
o-mag-né-tique \T1/lmr/m/it/12 SO\T1/lmr/m/n/12 (2)
 []


Underfull \hbox (badness 10000) in paragraph at lines 417--419

 []

[18]
Underfull \hbox (badness 10000) in paragraph at lines 436--438

 []

[19]
Overfull \hbox (7.0532pt too wide) in paragraph at lines 470--473
\T1/lmr/m/n/12 La den-sité la-grang-i-enne doit être une fonc-tion de $\OT1/cmr
/m/n/12 (\OML/cmm/m/it/12 S; P\OT1/cmr/m/n/12 )$ \T1/lmr/m/n/12 , dans ce cas d
'équation
 []

[20] [21] [22]
Overfull \hbox (5.76637pt too wide) in paragraph at lines 563--563
[]\T1/lmr/bx/n/14.4 Oscillateur non linéaire issu d'une dé-for-ma-tion $[]$ 
 []


Overfull \hbox (10.1262pt too wide) in paragraph at lines 587--588
[]  \T1/lmr/m/n/12 Le la-grang-ien dé-formé d'ordre $\OML/cmm/m/it/12 n \OT1/cm
r/m/n/12 + 1$ \T1/lmr/m/n/12 est défini par l'équation d'écoulement 
 []

[23] [24]
Overfull \hbox (1.75383pt too wide) in paragraph at lines 661--663
\T1/lmr/m/n/12 théorie sont re-spec-tive-ment E et J .La fonc-tion la-grang-i-e
nne n'est pas l'énergie
 []


Underfull \hbox (badness 10000) in paragraph at lines 661--663

 []

[25]
Underfull \hbox (badness 10000) in paragraph at lines 685--687

 []


Underfull \hbox (badness 10000) in paragraph at lines 716--718

 []

[26]
Underfull \hbox (badness 10000) in paragraph at lines 745--747

 []

[27]
Underfull \hbox (badness 10000) in paragraph at lines 759--761

 []


Underfull \hbox (badness 10000) in paragraph at lines 781--782

 []

[28] [29]
Overfull \hbox (18.80328pt too wide) in paragraph at lines 860--862
\T1/lmr/m/n/12 Il est sim-ple de mon-ter que $\OML/cmm/m/it/12 s$ \T1/lmr/m/n/1
2 et $\OML/cmm/m/it/12 j$ \T1/lmr/m/n/12 sont des quan-tités con-servées en inv
olution,c'est-
 []

[30]
Overfull \hbox (3.89343pt too wide) in paragraph at lines 876--877
[]\T1/lmr/m/n/12 En ter-mes de ces quan-tités ,les équa-tions de Hamil-ton peu-
ven-têtre réécrites
 []

[31] [32]
Missing character: There is no é ("E9) in font cmmi12!
[33]
Overfull \hbox (13.15115pt too wide) in paragraph at lines 1063--1064
\T1/lmr/m/n/12 Nous dis-posons dé-sor-mais de tous les out-ils néces-saire pour
 mon-trer l'intégration
 []

[34]
Overfull \hbox (46.56062pt too wide) detected at line 1120
[] [] [] \OT1/cmr/m/n/12 = \OMS/cmsy/m/n/12 ^^@[][][] ^^@ [][]\OML/cmm/m/it/12 
^^O[]q[] \OT1/cmr/m/n/12 + []\OML/cmm/m/it/12 ^^[ \OT1/cmr/m/n/12 + []\OML/cmm/
m/it/12 ^^Z \OT1/cmr/m/n/12 + []\OML/cmm/m/it/12 q[] \OMS/cmsy/m/n/12 ^^@ \OT1/
cmr/m/n/12 2\OML/cmm/m/it/12 C[]^^O[][]:
 []

[35] [36]
Overfull \hbox (15.26814pt too wide) detected at line 1179
[]\OML/cmm/m/it/12 H\OT1/cmr/m/n/12 (\OML/cmm/m/it/12 q; p; \OT1/cmr/m/n/12 2\O
ML/cmm/m/it/12 ^^M\OT1/cmr/m/n/12 ) = [] [] [] + 2\OML/cmm/m/it/12 A\OT1/cmr/m/
n/12 (\OML/cmm/m/it/12 q; p; ^^M\OT1/cmr/m/n/12 )\OML/cmm/m/it/12 B\OT1/cmr/m/n
/12 (\OML/cmm/m/it/12 q; p; ^^M\OT1/cmr/m/n/12 )\OML/cmm/m/it/12 ^^O[]p[]q[]:
 []

[37] [38]
Underfull \hbox (badness 10000) in paragraph at lines 1286--1288

 []

[39] [40]
Underfull \hbox (badness 10000) in paragraph at lines 1328--1329

 []

[41] (./Mémoire BANI.aux) ) 
Here is how much of TeX's memory you used:
 2624 strings out of 476683
 39294 string characters out of 5804047
 1855018 words of memory out of 5000000
 22855 multiletter control sequences out of 15000+600000
 563852 words of font info for 81 fonts, out of 8000000 for 9000
 1348 hyphenation exceptions out of 8191
 55i,12n,62p,1748b,204s stack positions out of 10000i,1000n,20000p,200000b,200000s

Output written on Mémoire BANI.pdf (41 pages).
